<?xml version="1.0" encoding="UTF-8"?>
<testng-results skipped="0" failed="0" ignored="0" total="1" passed="1">
  <reporter-output>
  </reporter-output>
  <suite name="Default suite" duration-ms="15990" started-at="2017-10-08T17:29:32Z" finished-at="2017-10-08T17:29:48Z">
    <groups>
    </groups>
    <test name="Default test" duration-ms="15990" started-at="2017-10-08T17:29:32Z" finished-at="2017-10-08T17:29:48Z">
      <class name="com.testscripts.Login">
        <test-method status="PASS" signature="setUp()[pri:0, instance:com.testscripts.Login@26be92ad]" name="setUp" is-config="true" duration-ms="10041" started-at="2017-10-08T22:59:32Z" finished-at="2017-10-08T22:59:42Z">
          <reporter-output>
          </reporter-output>
        </test-method> <!-- setUp -->
        <test-method status="PASS" signature="loginModule()[pri:0, instance:com.testscripts.Login@26be92ad]" name="loginModule" duration-ms="5006" started-at="2017-10-08T22:59:42Z" finished-at="2017-10-08T22:59:47Z">
          <reporter-output>
          </reporter-output>
        </test-method> <!-- loginModule -->
        <test-method status="PASS" signature="tearDown()[pri:0, instance:com.testscripts.Login@26be92ad]" name="tearDown" is-config="true" duration-ms="921" started-at="2017-10-08T22:59:47Z" finished-at="2017-10-08T22:59:48Z">
          <reporter-output>
          </reporter-output>
        </test-method> <!-- tearDown -->
      </class> <!-- com.testscripts.Login -->
    </test> <!-- Default test -->
  </suite> <!-- Default suite -->
</testng-results>
